# JRE version: Java(TM) SE Runtime Environment (8.0_151-b12) (build 1.8.0_151-b12)
# Java VM: Java HotSpot(TM) 64-Bit Server VM (25.151-b12 mixed mode windows-amd64 compressed oops)
Heap:
 PSYoungGen      total 246272K, used 41264K [0x0000000780d00000, 0x0000000793200000, 0x00000007c0000000)
  eden space 228352K, 10% used [0x0000000780d00000,0x00000007824e82b0,0x000000078ec00000)
  from space 17920K, 93% used [0x0000000790f00000,0x0000000791f63ec8,0x0000000792080000)
  to   space 11776K, 0% used [0x0000000792680000,0x0000000792680000,0x0000000793200000)
 ParOldGen       total 75776K, used 20815K [0x0000000702600000, 0x0000000707000000, 0x0000000780d00000)
  object space 75776K, 27% used [0x0000000702600000,0x0000000703a53e38,0x0000000707000000)
 Metaspace       used 48034K, capacity 49526K, committed 49792K, reserved 1093632K
  class space    used 6124K, capacity 6423K, committed 6528K, reserved 1048576K
GC Heap History (10 events):
Event: 2.831 GC heap before
{Heap before GC invocations=7 (full 1):
 PSYoungGen      total 105984K, used 105966K [0x0000000780d00000, 0x000000078c500000, 0x00000007c0000000)
  eden space 98304K, 100% used [0x0000000780d00000,0x0000000786d00000,0x0000000786d00000)
  from space 7680K, 99% used [0x0000000786d00000,0x000000078747bad8,0x0000000787480000)
  to   space 12800K, 0% used [0x000000078b880000,0x000000078b880000,0x000000078c500000)
 ParOldGen       total 75776K, used 13396K [0x0000000702600000, 0x0000000707000000, 0x0000000780d00000)
  object space 75776K, 17% used [0x0000000702600000,0x0000000703315048,0x0000000707000000)
 Metaspace       used 30204K, capacity 31228K, committed 31488K, reserved 1077248K
  class space    used 4005K, capacity 4232K, committed 4352K, reserved 1048576K
Event: 2.839 GC heap after
Heap after GC invocations=7 (full 1):
 PSYoungGen      total 172544K, used 12793K [0x0000000780d00000, 0x000000078cb00000, 0x00000007c0000000)
  eden space 159744K, 0% used [0x0000000780d00000,0x0000000780d00000,0x000000078a900000)
  from space 12800K, 99% used [0x000000078b880000,0x000000078c4fe550,0x000000078c500000)
  to   space 15872K, 0% used [0x000000078a900000,0x000000078a900000,0x000000078b880000)
 ParOldGen       total 75776K, used 14963K [0x0000000702600000, 0x0000000707000000, 0x0000000780d00000)
  object space 75776K, 19% used [0x0000000702600000,0x000000070349cda8,0x0000000707000000)
 Metaspace       used 30204K, capacity 31228K, committed 31488K, reserved 1077248K
  class space    used 4005K, capacity 4232K, committed 4352K, reserved 1048576K
}
Event: 3.326 GC heap before
{Heap before GC invocations=8 (full 1):
 PSYoungGen      total 172544K, used 100414K [0x0000000780d00000, 0x000000078cb00000, 0x00000007c0000000)
  eden space 159744K, 54% used [0x0000000780d00000,0x0000000786291470,0x000000078a900000)
  from space 12800K, 99% used [0x000000078b880000,0x000000078c4fe550,0x000000078c500000)
  to   space 15872K, 0% used [0x000000078a900000,0x000000078a900000,0x000000078b880000)
 ParOldGen       total 75776K, used 14963K [0x0000000702600000, 0x0000000707000000, 0x0000000780d00000)
  object space 75776K, 19% used [0x0000000702600000,0x000000070349cda8,0x0000000707000000)
 Metaspace       used 34414K, capacity 35478K, committed 35496K, reserved 1079296K
  class space    used 4607K, capacity 4859K, committed 4864K, reserved 1048576K
Event: 3.342 GC heap after
Heap after GC invocations=8 (full 1):
 PSYoungGen      total 175616K, used 15847K [0x0000000780d00000, 0x0000000793880000, 0x00000007c0000000)
  eden space 159744K, 0% used [0x0000000780d00000,0x0000000780d00000,0x000000078a900000)
  from space 15872K, 99% used [0x000000078a900000,0x000000078b879fd0,0x000000078b880000)
  to   space 18432K, 0% used [0x0000000792680000,0x0000000792680000,0x0000000793880000)
 ParOldGen       total 75776K, used 15010K [0x0000000702600000, 0x0000000707000000, 0x0000000780d00000)
  object space 75776K, 19% used [0x0000000702600000,0x00000007034a88b8,0x0000000707000000)
 Metaspace       used 34414K, capacity 35478K, committed 35496K, reserved 1079296K
  class space    used 4607K, capacity 4859K, committed 4864K, reserved 1048576K
}
Event: 3.342 GC heap before
{Heap before GC invocations=9 (full 2):
 PSYoungGen      total 175616K, used 15847K [0x0000000780d00000, 0x0000000793880000, 0x00000007c0000000)
  eden space 159744K, 0% used [0x0000000780d00000,0x0000000780d00000,0x000000078a900000)
  from space 15872K, 99% used [0x000000078a900000,0x000000078b879fd0,0x000000078b880000)
  to   space 18432K, 0% used [0x0000000792680000,0x0000000792680000,0x0000000793880000)
 ParOldGen       total 75776K, used 15010K [0x0000000702600000, 0x0000000707000000, 0x0000000780d00000)
  object space 75776K, 19% used [0x0000000702600000,0x00000007034a88b8,0x0000000707000000)
 Metaspace       used 34414K, capacity 35478K, committed 35496K, reserved 1079296K
  class space    used 4607K, capacity 4859K, committed 4864K, reserved 1048576K
Event: 3.394 GC heap after
Heap after GC invocations=9 (full 2):
 PSYoungGen      total 175616K, used 0K [0x0000000780d00000, 0x0000000793880000, 0x00000007c0000000)
  eden space 159744K, 0% used [0x0000000780d00000,0x0000000780d00000,0x000000078a900000)
  from space 15872K, 0% used [0x000000078a900000,0x000000078a900000,0x000000078b880000)
  to   space 18432K, 0% used [0x0000000792680000,0x0000000792680000,0x0000000793880000)
 ParOldGen       total 75776K, used 20799K [0x0000000702600000, 0x0000000707000000, 0x0000000780d00000)
  object space 75776K, 27% used [0x0000000702600000,0x0000000703a4fe38,0x0000000707000000)
 Metaspace       used 34414K, capacity 35478K, committed 35496K, reserved 1079296K
  class space    used 4607K, capacity 4859K, committed 4864K, reserved 1048576K
}
Event: 5.819 GC heap before
{Heap before GC invocations=10 (full 2):
 PSYoungGen      total 175616K, used 159744K [0x0000000780d00000, 0x0000000793880000, 0x00000007c0000000)
  eden space 159744K, 100% used [0x0000000780d00000,0x000000078a900000,0x000000078a900000)
  from space 15872K, 0% used [0x000000078a900000,0x000000078a900000,0x000000078b880000)
  to   space 18432K, 0% used [0x0000000792680000,0x0000000792680000,0x0000000793880000)
 ParOldGen       total 75776K, used 20799K [0x0000000702600000, 0x0000000707000000, 0x0000000780d00000)
  object space 75776K, 27% used [0x0000000702600000,0x0000000703a4fe38,0x0000000707000000)
 Metaspace       used 41956K, capacity 43210K, committed 43392K, reserved 1087488K
  class space    used 5381K, capacity 5653K, committed 5760K, reserved 1048576K
Event: 5.827 GC heap after
Heap after GC invocations=10 (full 2):
 PSYoungGen      total 240128K, used 11664K [0x0000000780d00000, 0x0000000793200000, 0x00000007c0000000)
  eden space 228352K, 0% used [0x0000000780d00000,0x0000000780d00000,0x000000078ec00000)
  from space 11776K, 99% used [0x0000000792680000,0x00000007931e4280,0x0000000793200000)
  to   space 17920K, 0% used [0x0000000790f00000,0x0000000790f00000,0x0000000792080000)
 ParOldGen       total 75776K, used 20807K [0x0000000702600000, 0x0000000707000000, 0x0000000780d00000)
  object space 75776K, 27% used [0x0000000702600000,0x0000000703a51e38,0x0000000707000000)
 Metaspace       used 41956K, capacity 43210K, committed 43392K, reserved 1087488K
  class space    used 5381K, capacity 5653K, committed 5760K, reserved 1048576K
}
Event: 7.437 GC heap before
{Heap before GC invocations=11 (full 2):
 PSYoungGen      total 240128K, used 240016K [0x0000000780d00000, 0x0000000793200000, 0x00000007c0000000)
  eden space 228352K, 100% used [0x0000000780d00000,0x000000078ec00000,0x000000078ec00000)
  from space 11776K, 99% used [0x0000000792680000,0x00000007931e4280,0x0000000793200000)
  to   space 17920K, 0% used [0x0000000790f00000,0x0000000790f00000,0x0000000792080000)
 ParOldGen       total 75776K, used 20807K [0x0000000702600000, 0x0000000707000000, 0x0000000780d00000)
  object space 75776K, 27% used [0x0000000702600000,0x0000000703a51e38,0x0000000707000000)
 Metaspace       used 47837K, capacity 49270K, committed 49408K, reserved 1091584K
  class space    used 6099K, capacity 6383K, committed 6400K, reserved 1048576K
Event: 7.449 GC heap after
Heap after GC invocations=11 (full 2):
 PSYoungGen      total 246272K, used 16783K [0x0000000780d00000, 0x0000000793200000, 0x00000007c0000000)
  eden space 228352K, 0% used [0x0000000780d00000,0x0000000780d00000,0x000000078ec00000)
  from space 17920K, 93% used [0x0000000790f00000,0x0000000791f63ec8,0x0000000792080000)
  to   space 11776K, 0% used [0x0000000792680000,0x0000000792680000,0x0000000793200000)
 ParOldGen       total 75776K, used 20815K [0x0000000702600000, 0x0000000707000000, 0x0000000780d00000)
  object space 75776K, 27% used [0x0000000702600000,0x0000000703a53e38,0x0000000707000000)
 Metaspace       used 47837K, capacity 49270K, committed 49408K, reserved 1091584K
  class space    used 6099K, capacity 6383K, committed 6400K, reserved 1048576K
}

